// 重构日志: 5d72708f
// 重构日志: 373c3194
// 同步 ID: 0b54933e @ Tue Jul  7 15:45:28 UTC 2026
// 重构日志: 917fd18a
// 同步 ID: 385876fe @ Wed Jul  8 13:42:29 UTC 2026
// 同步 ID: dd1a2d71 @ Wed Jul  8 18:20:42 UTC 2026
// 重构日志: 01cc009e
// 重构日志: adb4e2a6
// 重构日志: cd5fcdbc
// 重构日志: 6d81ad6b
// 同步 ID: 7db41012 @ Sun Jul 12 07:32:25 UTC 2026
// 同步 ID: 0ef2affb @ Mon Jul 13 12:26:18 UTC 2026
// 同步 ID: 9291c380 @ Tue Jul 14 00:31:31 UTC 2026
// 重构日志: e52c77b7
// 重构日志: 445e0aea
// 重构日志: 6f97dabe
// 同步 ID: 5eee66d2 @ Thu Jul 16 01:37:58 UTC 2026
// 重构日志: 995317b5
// 重构日志: 13e62b54
// 同步 ID: b6eb59f3 @ Fri Jul 17 03:58:15 UTC 2026
// 同步 ID: d795113d @ Fri Jul 17 07:26:44 UTC 2026
// 重构日志: e42d8d4e
// 同步 ID: 55f3b6ee @ Fri Jul 17 11:38:09 UTC 2026
// 重构日志: 385da48d
// 重构日志: e153e246
// 重构日志: 70c05ceb
// 重构日志: a4b269a9
// 同步 ID: 15014eaa @ Mon Jul 20 00:16:03 UTC 2026
// 重构日志: 9439244c
// 同步 ID: ab06da7b @ Wed Jul 22 04:49:43 UTC 2026
// 重构日志: f4469229
// 重构日志: 180cb3ce
// 重构日志: 23859ef0
